<?xml version="1.0" encoding="UTF-8"?>
<robot generator="Robot 6.1.1 (Python 3.10.9 on darwin)" generated="20230906 21:43:18.923" rpa="false" schemaversion="4">
<suite id="s1" name="Api Tests" source="/Users/cb-it-01-1594/IdeaProjects/robot-tests/tests/api_tests.robot">
<kw name="Suite Setup" type="SETUP">
<kw name="Log" library="BuiltIn">
<arg>Suite Setup...</arg>
<doc>Logs the given message with the given level.</doc>
<msg timestamp="20230906 21:43:18.982" level="INFO">Suite Setup...</msg>
<status status="PASS" starttime="20230906 21:43:18.982" endtime="20230906 21:43:18.982"/>
</kw>
<status status="PASS" starttime="20230906 21:43:18.982" endtime="20230906 21:43:18.982"/>
</kw>
<test id="s1-t1" name="Get Weather For Valid City" line="18">
<kw name="Initialize Test" type="SETUP">
<kw name="Log" library="BuiltIn">
<arg>Initializing Test Suite...</arg>
<doc>Logs the given message with the given level.</doc>
<msg timestamp="20230906 21:43:18.983" level="INFO">Initializing Test Suite...</msg>
<status status="PASS" starttime="20230906 21:43:18.983" endtime="20230906 21:43:18.983"/>
</kw>
<status status="PASS" starttime="20230906 21:43:18.983" endtime="20230906 21:43:18.983"/>
</kw>
<kw name="Get Weather">
<var>${response}</var>
<arg>${Base URL}</arg>
<arg>${API Key}</arg>
<arg>${Valid City}</arg>
<kw name="Get Weather">
<var>${response}</var>
<arg>${base_url}</arg>
<arg>${api_key}</arg>
<arg>${city}</arg>
<kw name="Get Weather">
<var>${response}</var>
<arg>${base_url}</arg>
<arg>${api_key}</arg>
<arg>${city}</arg>
<kw name="Get Weather">
<var>${response}</var>
<arg>${base_url}</arg>
<arg>${api_key}</arg>
<arg>${city}</arg>
<kw name="Get Weather">
<var>${response}</var>
<arg>${base_url}</arg>
<arg>${api_key}</arg>
<arg>${city}</arg>
<kw name="Get Weather">
<var>${response}</var>
<arg>${base_url}</arg>
<arg>${api_key}</arg>
<arg>${city}</arg>
<kw name="Get Weather">
<var>${response}</var>
<arg>${base_url}</arg>
<arg>${api_key}</arg>
<arg>${city}</arg>
<kw name="Get Weather">
<var>${response}</var>
<arg>${base_url}</arg>
<arg>${api_key}</arg>
<arg>${city}</arg>
<kw name="Get Weather">
<var>${response}</var>
<arg>${base_url}</arg>
<arg>${api_key}</arg>
<arg>${city}</arg>
<kw name="Get Weather">
<var>${response}</var>
<arg>${base_url}</arg>
<arg>${api_key}</arg>
<arg>${city}</arg>
<kw name="Get Weather">
<var>${response}</var>
<arg>${base_url}</arg>
<arg>${api_key}</arg>
<arg>${city}</arg>
<kw name="Get Weather">
<var>${response}</var>
<arg>${base_url}</arg>
<arg>${api_key}</arg>
<arg>${city}</arg>
<kw name="Get Weather">
<var>${response}</var>
<arg>${base_url}</arg>
<arg>${api_key}</arg>
<arg>${city}</arg>
<kw name="Get Weather">
<var>${response}</var>
<arg>${base_url}</arg>
<arg>${api_key}</arg>
<arg>${city}</arg>
<kw name="Get Weather">
<var>${response}</var>
<arg>${base_url}</arg>
<arg>${api_key}</arg>
<arg>${city}</arg>
<kw name="Get Weather">
<var>${response}</var>
<arg>${base_url}</arg>
<arg>${api_key}</arg>
<arg>${city}</arg>
<kw name="Get Weather">
<var>${response}</var>
<arg>${base_url}</arg>
<arg>${api_key}</arg>
<arg>${city}</arg>
<kw name="Get Weather">
<var>${response}</var>
<arg>${base_url}</arg>
<arg>${api_key}</arg>
<arg>${city}</arg>
<kw name="Get Weather">
<var>${response}</var>
<arg>${base_url}</arg>
<arg>${api_key}</arg>
<arg>${city}</arg>
<kw name="Get Weather">
<var>${response}</var>
<arg>${base_url}</arg>
<arg>${api_key}</arg>
<arg>${city}</arg>
<kw name="Get Weather">
<var>${response}</var>
<arg>${base_url}</arg>
<arg>${api_key}</arg>
<arg>${city}</arg>
<kw name="Get Weather">
<var>${response}</var>
<arg>${base_url}</arg>
<arg>${api_key}</arg>
<arg>${city}</arg>
<kw name="Get Weather">
<var>${response}</var>
<arg>${base_url}</arg>
<arg>${api_key}</arg>
<arg>${city}</arg>
<kw name="Get Weather">
<var>${response}</var>
<arg>${base_url}</arg>
<arg>${api_key}</arg>
<arg>${city}</arg>
<kw name="Get Weather">
<var>${response}</var>
<arg>${base_url}</arg>
<arg>${api_key}</arg>
<arg>${city}</arg>
<kw name="Get Weather">
<var>${response}</var>
<arg>${base_url}</arg>
<arg>${api_key}</arg>
<arg>${city}</arg>
<kw name="Get Weather">
<var>${response}</var>
<arg>${base_url}</arg>
<arg>${api_key}</arg>
<arg>${city}</arg>
<kw name="Get Weather">
<var>${response}</var>
<arg>${base_url}</arg>
<arg>${api_key}</arg>
<arg>${city}</arg>
<kw name="Get Weather">
<var>${response}</var>
<arg>${base_url}</arg>
<arg>${api_key}</arg>
<arg>${city}</arg>
<kw name="Get Weather">
<var>${response}</var>
<arg>${base_url}</arg>
<arg>${api_key}</arg>
<arg>${city}</arg>
<kw name="Get Weather">
<var>${response}</var>
<arg>${base_url}</arg>
<arg>${api_key}</arg>
<arg>${city}</arg>
<kw name="Get Weather">
<var>${response}</var>
<arg>${base_url}</arg>
<arg>${api_key}</arg>
<arg>${city}</arg>
<kw name="Get Weather">
<var>${response}</var>
<arg>${base_url}</arg>
<arg>${api_key}</arg>
<arg>${city}</arg>
<kw name="Get Weather">
<var>${response}</var>
<arg>${base_url}</arg>
<arg>${api_key}</arg>
<arg>${city}</arg>
<kw name="Get Weather">
<var>${response}</var>
<arg>${base_url}</arg>
<arg>${api_key}</arg>
<arg>${city}</arg>
<kw name="Get Weather">
<var>${response}</var>
<arg>${base_url}</arg>
<arg>${api_key}</arg>
<arg>${city}</arg>
<kw name="Get Weather">
<var>${response}</var>
<arg>${base_url}</arg>
<arg>${api_key}</arg>
<arg>${city}</arg>
<kw name="Get Weather">
<var>${response}</var>
<arg>${base_url}</arg>
<arg>${api_key}</arg>
<arg>${city}</arg>
<kw name="Get Weather">
<var>${response}</var>
<arg>${base_url}</arg>
<arg>${api_key}</arg>
<arg>${city}</arg>
<kw name="Get Weather">
<var>${response}</var>
<arg>${base_url}</arg>
<arg>${api_key}</arg>
<arg>${city}</arg>
<kw name="Get Weather">
<var>${response}</var>
<arg>${base_url}</arg>
<arg>${api_key}</arg>
<arg>${city}</arg>
<kw name="Get Weather">
<var>${response}</var>
<arg>${base_url}</arg>
<arg>${api_key}</arg>
<arg>${city}</arg>
<kw name="Get Weather">
<var>${response}</var>
<arg>${base_url}</arg>
<arg>${api_key}</arg>
<arg>${city}</arg>
<kw name="Get Weather">
<var>${response}</var>
<arg>${base_url}</arg>
<arg>${api_key}</arg>
<arg>${city}</arg>
<kw name="Get Weather">
<var>${response}</var>
<arg>${base_url}</arg>
<arg>${api_key}</arg>
<arg>${city}</arg>
<kw name="Get Weather">
<var>${response}</var>
<arg>${base_url}</arg>
<arg>${api_key}</arg>
<arg>${city}</arg>
<kw name="Get Weather">
<var>${response}</var>
<arg>${base_url}</arg>
<arg>${api_key}</arg>
<arg>${city}</arg>
<kw name="Get Weather">
<var>${response}</var>
<arg>${base_url}</arg>
<arg>${api_key}</arg>
<arg>${city}</arg>
<kw name="Get Weather">
<var>${response}</var>
<arg>${base_url}</arg>
<arg>${api_key}</arg>
<arg>${city}</arg>
<kw name="Get Weather">
<var>${response}</var>
<arg>${base_url}</arg>
<arg>${api_key}</arg>
<arg>${city}</arg>
<kw name="Get Weather">
<var>${response}</var>
<arg>${base_url}</arg>
<arg>${api_key}</arg>
<arg>${city}</arg>
<kw name="Get Weather">
<var>${response}</var>
<arg>${base_url}</arg>
<arg>${api_key}</arg>
<arg>${city}</arg>
<kw name="Get Weather">
<var>${response}</var>
<arg>${base_url}</arg>
<arg>${api_key}</arg>
<arg>${city}</arg>
<kw name="Get Weather">
<var>${response}</var>
<arg>${base_url}</arg>
<arg>${api_key}</arg>
<arg>${city}</arg>
<kw name="Get Weather">
<var>${response}</var>
<arg>${base_url}</arg>
<arg>${api_key}</arg>
<arg>${city}</arg>
<kw name="Get Weather">
<var>${response}</var>
<arg>${base_url}</arg>
<arg>${api_key}</arg>
<arg>${city}</arg>
<kw name="Get Weather">
<var>${response}</var>
<arg>${base_url}</arg>
<arg>${api_key}</arg>
<arg>${city}</arg>
<kw name="Get Weather">
<var>${response}</var>
<arg>${base_url}</arg>
<arg>${api_key}</arg>
<arg>${city}</arg>
<kw name="Get Weather">
<var>${response}</var>
<arg>${base_url}</arg>
<arg>${api_key}</arg>
<arg>${city}</arg>
<kw name="Get Weather">
<var>${response}</var>
<arg>${base_url}</arg>
<arg>${api_key}</arg>
<arg>${city}</arg>
<kw name="Get Weather">
<var>${response}</var>
<arg>${base_url}</arg>
<arg>${api_key}</arg>
<arg>${city}</arg>
<kw name="Get Weather">
<var>${response}</var>
<arg>${base_url}</arg>
<arg>${api_key}</arg>
<arg>${city}</arg>
<kw name="Get Weather">
<var>${response}</var>
<arg>${base_url}</arg>
<arg>${api_key}</arg>
<arg>${city}</arg>
<kw name="Get Weather">
<var>${response}</var>
<arg>${base_url}</arg>
<arg>${api_key}</arg>
<arg>${city}</arg>
<kw name="Get Weather">
<var>${response}</var>
<arg>${base_url}</arg>
<arg>${api_key}</arg>
<arg>${city}</arg>
<kw name="Get Weather">
<var>${response}</var>
<arg>${base_url}</arg>
<arg>${api_key}</arg>
<arg>${city}</arg>
<kw name="Get Weather">
<var>${response}</var>
<arg>${base_url}</arg>
<arg>${api_key}</arg>
<arg>${city}</arg>
<kw name="Get Weather">
<var>${response}</var>
<arg>${base_url}</arg>
<arg>${api_key}</arg>
<arg>${city}</arg>
<kw name="Get Weather">
<var>${response}</var>
<arg>${base_url}</arg>
<arg>${api_key}</arg>
<arg>${city}</arg>
<kw name="Get Weather">
<var>${response}</var>
<arg>${base_url}</arg>
<arg>${api_key}</arg>
<arg>${city}</arg>
<kw name="Get Weather">
<var>${response}</var>
<arg>${base_url}</arg>
<arg>${api_key}</arg>
<arg>${city}</arg>
<kw name="Get Weather">
<var>${response}</var>
<arg>${base_url}</arg>
<arg>${api_key}</arg>
<arg>${city}</arg>
<kw name="Get Weather">
<var>${response}</var>
<arg>${base_url}</arg>
<arg>${api_key}</arg>
<arg>${city}</arg>
<kw name="Get Weather">
<var>${response}</var>
<arg>${base_url}</arg>
<arg>${api_key}</arg>
<arg>${city}</arg>
<kw name="Get Weather">
<var>${response}</var>
<arg>${base_url}</arg>
<arg>${api_key}</arg>
<arg>${city}</arg>
<kw name="Get Weather">
<var>${response}</var>
<arg>${base_url}</arg>
<arg>${api_key}</arg>
<arg>${city}</arg>
<kw name="Get Weather">
<var>${response}</var>
<arg>${base_url}</arg>
<arg>${api_key}</arg>
<arg>${city}</arg>
<kw name="Get Weather">
<var>${response}</var>
<arg>${base_url}</arg>
<arg>${api_key}</arg>
<arg>${city}</arg>
<kw name="Get Weather">
<var>${response}</var>
<arg>${base_url}</arg>
<arg>${api_key}</arg>
<arg>${city}</arg>
<kw name="Get Weather">
<var>${response}</var>
<arg>${base_url}</arg>
<arg>${api_key}</arg>
<arg>${city}</arg>
<kw name="Get Weather">
<var>${response}</var>
<arg>${base_url}</arg>
<arg>${api_key}</arg>
<arg>${city}</arg>
<kw name="Get Weather">
<var>${response}</var>
<arg>${base_url}</arg>
<arg>${api_key}</arg>
<arg>${city}</arg>
<kw name="Get Weather">
<var>${response}</var>
<arg>${base_url}</arg>
<arg>${api_key}</arg>
<arg>${city}</arg>
<kw name="Get Weather">
<var>${response}</var>
<arg>${base_url}</arg>
<arg>${api_key}</arg>
<arg>${city}</arg>
<kw name="Get Weather">
<var>${response}</var>
<arg>${base_url}</arg>
<arg>${api_key}</arg>
<arg>${city}</arg>
<kw name="Get Weather">
<var>${response}</var>
<arg>${base_url}</arg>
<arg>${api_key}</arg>
<arg>${city}</arg>
<kw name="Get Weather">
<var>${response}</var>
<arg>${base_url}</arg>
<arg>${api_key}</arg>
<arg>${city}</arg>
<kw name="Get Weather">
<var>${response}</var>
<arg>${base_url}</arg>
<arg>${api_key}</arg>
<arg>${city}</arg>
<kw name="Get Weather">
<var>${response}</var>
<arg>${base_url}</arg>
<arg>${api_key}</arg>
<arg>${city}</arg>
<kw name="Get Weather">
<var>${response}</var>
<arg>${base_url}</arg>
<arg>${api_key}</arg>
<arg>${city}</arg>
<kw name="Get Weather">
<var>${response}</var>
<arg>${base_url}</arg>
<arg>${api_key}</arg>
<arg>${city}</arg>
<kw name="Get Weather">
<var>${response}</var>
<arg>${base_url}</arg>
<arg>${api_key}</arg>
<arg>${city}</arg>
<kw name="Get Weather">
<var>${response}</var>
<arg>${base_url}</arg>
<arg>${api_key}</arg>
<arg>${city}</arg>
<kw name="Get Weather">
<var>${response}</var>
<arg>${base_url}</arg>
<arg>${api_key}</arg>
<arg>${city}</arg>
<kw name="Get Weather">
<var>${response}</var>
<arg>${base_url}</arg>
<arg>${api_key}</arg>
<arg>${city}</arg>
<kw name="Get Weather">
<var>${response}</var>
<arg>${base_url}</arg>
<arg>${api_key}</arg>
<arg>${city}</arg>
<kw name="Get Weather">
<var>${response}</var>
<arg>${base_url}</arg>
<arg>${api_key}</arg>
<arg>${city}</arg>
<kw name="Get Weather">
<var>${response}</var>
<arg>${base_url}</arg>
<arg>${api_key}</arg>
<arg>${city}</arg>
<kw name="Get Weather">
<var>${response}</var>
<arg>${base_url}</arg>
<arg>${api_key}</arg>
<arg>${city}</arg>
<kw name="Get Weather">
<var>${response}</var>
<arg>${base_url}</arg>
<arg>${api_key}</arg>
<arg>${city}</arg>
<msg timestamp="20230906 21:43:18.996" level="FAIL">Maximum limit of started keywords and control structures exceeded.</msg>
<status status="FAIL" starttime="20230906 21:43:18.996" endtime="20230906 21:43:18.996"/>
</kw>
<status status="FAIL" starttime="20230906 21:43:18.996" endtime="20230906 21:43:18.996"/>
</kw>
<status status="FAIL" starttime="20230906 21:43:18.996" endtime="20230906 21:43:18.996"/>
</kw>
<status status="FAIL" starttime="20230906 21:43:18.995" endtime="20230906 21:43:18.996"/>
</kw>
<status status="FAIL" starttime="20230906 21:43:18.995" endtime="20230906 21:43:18.996"/>
</kw>
<status status="FAIL" starttime="20230906 21:43:18.995" endtime="20230906 21:43:18.996"/>
</kw>
<status status="FAIL" starttime="20230906 21:43:18.995" endtime="20230906 21:43:18.996"/>
</kw>
<status status="FAIL" starttime="20230906 21:43:18.995" endtime="20230906 21:43:18.997"/>
</kw>
<status status="FAIL" starttime="20230906 21:43:18.995" endtime="20230906 21:43:18.997"/>
</kw>
<status status="FAIL" starttime="20230906 21:43:18.995" endtime="20230906 21:43:18.997"/>
</kw>
<status status="FAIL" starttime="20230906 21:43:18.995" endtime="20230906 21:43:18.997"/>
</kw>
<status status="FAIL" starttime="20230906 21:43:18.994" endtime="20230906 21:43:18.997"/>
</kw>
<status status="FAIL" starttime="20230906 21:43:18.994" endtime="20230906 21:43:18.997"/>
</kw>
<status status="FAIL" starttime="20230906 21:43:18.994" endtime="20230906 21:43:18.997"/>
</kw>
<status status="FAIL" starttime="20230906 21:43:18.994" endtime="20230906 21:43:18.997"/>
</kw>
<status status="FAIL" starttime="20230906 21:43:18.994" endtime="20230906 21:43:18.997"/>
</kw>
<status status="FAIL" starttime="20230906 21:43:18.994" endtime="20230906 21:43:18.997"/>
</kw>
<status status="FAIL" starttime="20230906 21:43:18.994" endtime="20230906 21:43:18.997"/>
</kw>
<status status="FAIL" starttime="20230906 21:43:18.994" endtime="20230906 21:43:18.997"/>
</kw>
<status status="FAIL" starttime="20230906 21:43:18.993" endtime="20230906 21:43:18.997"/>
</kw>
<status status="FAIL" starttime="20230906 21:43:18.993" endtime="20230906 21:43:18.997"/>
</kw>
<status status="FAIL" starttime="20230906 21:43:18.993" endtime="20230906 21:43:18.997"/>
</kw>
<status status="FAIL" starttime="20230906 21:43:18.993" endtime="20230906 21:43:18.997"/>
</kw>
<status status="FAIL" starttime="20230906 21:43:18.993" endtime="20230906 21:43:18.998"/>
</kw>
<status status="FAIL" starttime="20230906 21:43:18.993" endtime="20230906 21:43:18.998"/>
</kw>
<status status="FAIL" starttime="20230906 21:43:18.993" endtime="20230906 21:43:18.998"/>
</kw>
<status status="FAIL" starttime="20230906 21:43:18.993" endtime="20230906 21:43:18.998"/>
</kw>
<status status="FAIL" starttime="20230906 21:43:18.992" endtime="20230906 21:43:18.998"/>
</kw>
<status status="FAIL" starttime="20230906 21:43:18.992" endtime="20230906 21:43:18.998"/>
</kw>
<status status="FAIL" starttime="20230906 21:43:18.992" endtime="20230906 21:43:18.998"/>
</kw>
<status status="FAIL" starttime="20230906 21:43:18.992" endtime="20230906 21:43:18.998"/>
</kw>
<status status="FAIL" starttime="20230906 21:43:18.992" endtime="20230906 21:43:18.998"/>
</kw>
<status status="FAIL" starttime="20230906 21:43:18.992" endtime="20230906 21:43:18.998"/>
</kw>
<status status="FAIL" starttime="20230906 21:43:18.992" endtime="20230906 21:43:18.998"/>
</kw>
<status status="FAIL" starttime="20230906 21:43:18.991" endtime="20230906 21:43:18.998"/>
</kw>
<status status="FAIL" starttime="20230906 21:43:18.991" endtime="20230906 21:43:18.998"/>
</kw>
<status status="FAIL" starttime="20230906 21:43:18.991" endtime="20230906 21:43:18.998"/>
</kw>
<status status="FAIL" starttime="20230906 21:43:18.991" endtime="20230906 21:43:18.998"/>
</kw>
<status status="FAIL" starttime="20230906 21:43:18.991" endtime="20230906 21:43:18.998"/>
</kw>
<status status="FAIL" starttime="20230906 21:43:18.991" endtime="20230906 21:43:18.998"/>
</kw>
<status status="FAIL" starttime="20230906 21:43:18.991" endtime="20230906 21:43:18.998"/>
</kw>
<status status="FAIL" starttime="20230906 21:43:18.990" endtime="20230906 21:43:18.998"/>
</kw>
<status status="FAIL" starttime="20230906 21:43:18.990" endtime="20230906 21:43:18.999"/>
</kw>
<status status="FAIL" starttime="20230906 21:43:18.990" endtime="20230906 21:43:18.999"/>
</kw>
<status status="FAIL" starttime="20230906 21:43:18.990" endtime="20230906 21:43:18.999"/>
</kw>
<status status="FAIL" starttime="20230906 21:43:18.990" endtime="20230906 21:43:18.999"/>
</kw>
<status status="FAIL" starttime="20230906 21:43:18.990" endtime="20230906 21:43:18.999"/>
</kw>
<status status="FAIL" starttime="20230906 21:43:18.990" endtime="20230906 21:43:18.999"/>
</kw>
<status status="FAIL" starttime="20230906 21:43:18.990" endtime="20230906 21:43:18.999"/>
</kw>
<status status="FAIL" starttime="20230906 21:43:18.989" endtime="20230906 21:43:18.999"/>
</kw>
<status status="FAIL" starttime="20230906 21:43:18.989" endtime="20230906 21:43:18.999"/>
</kw>
<status status="FAIL" starttime="20230906 21:43:18.989" endtime="20230906 21:43:18.999"/>
</kw>
<status status="FAIL" starttime="20230906 21:43:18.989" endtime="20230906 21:43:18.999"/>
</kw>
<status status="FAIL" starttime="20230906 21:43:18.989" endtime="20230906 21:43:18.999"/>
</kw>
<status status="FAIL" starttime="20230906 21:43:18.989" endtime="20230906 21:43:18.999"/>
</kw>
<status status="FAIL" starttime="20230906 21:43:18.989" endtime="20230906 21:43:18.999"/>
</kw>
<status status="FAIL" starttime="20230906 21:43:18.989" endtime="20230906 21:43:18.999"/>
</kw>
<status status="FAIL" starttime="20230906 21:43:18.988" endtime="20230906 21:43:18.999"/>
</kw>
<status status="FAIL" starttime="20230906 21:43:18.988" endtime="20230906 21:43:18.999"/>
</kw>
<status status="FAIL" starttime="20230906 21:43:18.988" endtime="20230906 21:43:18.999"/>
</kw>
<status status="FAIL" starttime="20230906 21:43:18.988" endtime="20230906 21:43:18.999"/>
</kw>
<status status="FAIL" starttime="20230906 21:43:18.988" endtime="20230906 21:43:18.999"/>
</kw>
<status status="FAIL" starttime="20230906 21:43:18.988" endtime="20230906 21:43:18.999"/>
</kw>
<status status="FAIL" starttime="20230906 21:43:18.988" endtime="20230906 21:43:19.000"/>
</kw>
<status status="FAIL" starttime="20230906 21:43:18.987" endtime="20230906 21:43:19.000"/>
</kw>
<status status="FAIL" starttime="20230906 21:43:18.987" endtime="20230906 21:43:19.000"/>
</kw>
<status status="FAIL" starttime="20230906 21:43:18.987" endtime="20230906 21:43:19.000"/>
</kw>
<status status="FAIL" starttime="20230906 21:43:18.987" endtime="20230906 21:43:19.000"/>
</kw>
<status status="FAIL" starttime="20230906 21:43:18.987" endtime="20230906 21:43:19.000"/>
</kw>
<status status="FAIL" starttime="20230906 21:43:18.987" endtime="20230906 21:43:19.000"/>
</kw>
<status status="FAIL" starttime="20230906 21:43:18.987" endtime="20230906 21:43:19.000"/>
</kw>
<status status="FAIL" starttime="20230906 21:43:18.986" endtime="20230906 21:43:19.000"/>
</kw>
<status status="FAIL" starttime="20230906 21:43:18.986" endtime="20230906 21:43:19.000"/>
</kw>
<status status="FAIL" starttime="20230906 21:43:18.986" endtime="20230906 21:43:19.000"/>
</kw>
<status status="FAIL" starttime="20230906 21:43:18.986" endtime="20230906 21:43:19.000"/>
</kw>
<status status="FAIL" starttime="20230906 21:43:18.986" endtime="20230906 21:43:19.000"/>
</kw>
<status status="FAIL" starttime="20230906 21:43:18.986" endtime="20230906 21:43:19.000"/>
</kw>
<status status="FAIL" starttime="20230906 21:43:18.986" endtime="20230906 21:43:19.000"/>
</kw>
<status status="FAIL" starttime="20230906 21:43:18.986" endtime="20230906 21:43:19.000"/>
</kw>
<status status="FAIL" starttime="20230906 21:43:18.985" endtime="20230906 21:43:19.000"/>
</kw>
<status status="FAIL" starttime="20230906 21:43:18.985" endtime="20230906 21:43:19.000"/>
</kw>
<status status="FAIL" starttime="20230906 21:43:18.985" endtime="20230906 21:43:19.000"/>
</kw>
<status status="FAIL" starttime="20230906 21:43:18.985" endtime="20230906 21:43:19.000"/>
</kw>
<status status="FAIL" starttime="20230906 21:43:18.985" endtime="20230906 21:43:19.000"/>
</kw>
<status status="FAIL" starttime="20230906 21:43:18.985" endtime="20230906 21:43:19.000"/>
</kw>
<status status="FAIL" starttime="20230906 21:43:18.985" endtime="20230906 21:43:19.000"/>
</kw>
<status status="FAIL" starttime="20230906 21:43:18.985" endtime="20230906 21:43:19.000"/>
</kw>
<status status="FAIL" starttime="20230906 21:43:18.985" endtime="20230906 21:43:19.000"/>
</kw>
<status status="FAIL" starttime="20230906 21:43:18.984" endtime="20230906 21:43:19.000"/>
</kw>
<status status="FAIL" starttime="20230906 21:43:18.984" endtime="20230906 21:43:19.000"/>
</kw>
<status status="FAIL" starttime="20230906 21:43:18.984" endtime="20230906 21:43:19.000"/>
</kw>
<status status="FAIL" starttime="20230906 21:43:18.984" endtime="20230906 21:43:19.000"/>
</kw>
<status status="FAIL" starttime="20230906 21:43:18.984" endtime="20230906 21:43:19.001"/>
</kw>
<status status="FAIL" starttime="20230906 21:43:18.984" endtime="20230906 21:43:19.001"/>
</kw>
<status status="FAIL" starttime="20230906 21:43:18.984" endtime="20230906 21:43:19.001"/>
</kw>
<status status="FAIL" starttime="20230906 21:43:18.984" endtime="20230906 21:43:19.001"/>
</kw>
<status status="FAIL" starttime="20230906 21:43:18.983" endtime="20230906 21:43:19.001"/>
</kw>
<status status="FAIL" starttime="20230906 21:43:18.983" endtime="20230906 21:43:19.001"/>
</kw>
<status status="FAIL" starttime="20230906 21:43:18.983" endtime="20230906 21:43:19.001"/>
</kw>
<status status="FAIL" starttime="20230906 21:43:18.983" endtime="20230906 21:43:19.001"/>
</kw>
<kw name="Should Be Equal As Strings" library="BuiltIn">
<arg>${response.status_code}</arg>
<arg>200</arg>
<doc>Fails if objects are unequal after converting them to strings.</doc>
<status status="NOT RUN" starttime="20230906 21:43:19.001" endtime="20230906 21:43:19.001"/>
</kw>
<kw name="Parse JSON">
<var>${weather}</var>
<arg>${response.text}</arg>
<status status="NOT RUN" starttime="20230906 21:43:19.002" endtime="20230906 21:43:19.002"/>
</kw>
<kw name="Should Be True" library="BuiltIn">
<arg>${weather.main.temp} is number</arg>
<doc>Fails if the given condition is not true.</doc>
<status status="NOT RUN" starttime="20230906 21:43:19.002" endtime="20230906 21:43:19.002"/>
</kw>
<kw name="Finalize Test" type="TEARDOWN">
<kw name="Log" library="BuiltIn">
<arg>Finalizing Test Suite...</arg>
<doc>Logs the given message with the given level.</doc>
<msg timestamp="20230906 21:43:19.002" level="INFO">Finalizing Test Suite...</msg>
<status status="PASS" starttime="20230906 21:43:19.002" endtime="20230906 21:43:19.002"/>
</kw>
<status status="PASS" starttime="20230906 21:43:19.002" endtime="20230906 21:43:19.002"/>
</kw>
<doc>Send a GET request to retrieve weather for a valid city.</doc>
<status status="FAIL" starttime="20230906 21:43:18.983" endtime="20230906 21:43:19.002">Maximum limit of started keywords and control structures exceeded.</status>
</test>
<test id="s1-t2" name="Get Weather For Invalid City" line="25">
<kw name="Initialize Test" type="SETUP">
<kw name="Log" library="BuiltIn">
<arg>Initializing Test Suite...</arg>
<doc>Logs the given message with the given level.</doc>
<msg timestamp="20230906 21:43:19.003" level="INFO">Initializing Test Suite...</msg>
<status status="PASS" starttime="20230906 21:43:19.003" endtime="20230906 21:43:19.003"/>
</kw>
<status status="PASS" starttime="20230906 21:43:19.003" endtime="20230906 21:43:19.003"/>
</kw>
<kw name="Get Weather">
<var>${response}</var>
<arg>${Base URL}</arg>
<arg>${API Key}</arg>
<arg>${Invalid City}</arg>
<kw name="Get Weather">
<var>${response}</var>
<arg>${base_url}</arg>
<arg>${api_key}</arg>
<arg>${city}</arg>
<kw name="Get Weather">
<var>${response}</var>
<arg>${base_url}</arg>
<arg>${api_key}</arg>
<arg>${city}</arg>
<kw name="Get Weather">
<var>${response}</var>
<arg>${base_url}</arg>
<arg>${api_key}</arg>
<arg>${city}</arg>
<kw name="Get Weather">
<var>${response}</var>
<arg>${base_url}</arg>
<arg>${api_key}</arg>
<arg>${city}</arg>
<kw name="Get Weather">
<var>${response}</var>
<arg>${base_url}</arg>
<arg>${api_key}</arg>
<arg>${city}</arg>
<kw name="Get Weather">
<var>${response}</var>
<arg>${base_url}</arg>
<arg>${api_key}</arg>
<arg>${city}</arg>
<kw name="Get Weather">
<var>${response}</var>
<arg>${base_url}</arg>
<arg>${api_key}</arg>
<arg>${city}</arg>
<kw name="Get Weather">
<var>${response}</var>
<arg>${base_url}</arg>
<arg>${api_key}</arg>
<arg>${city}</arg>
<kw name="Get Weather">
<var>${response}</var>
<arg>${base_url}</arg>
<arg>${api_key}</arg>
<arg>${city}</arg>
<kw name="Get Weather">
<var>${response}</var>
<arg>${base_url}</arg>
<arg>${api_key}</arg>
<arg>${city}</arg>
<kw name="Get Weather">
<var>${response}</var>
<arg>${base_url}</arg>
<arg>${api_key}</arg>
<arg>${city}</arg>
<kw name="Get Weather">
<var>${response}</var>
<arg>${base_url}</arg>
<arg>${api_key}</arg>
<arg>${city}</arg>
<kw name="Get Weather">
<var>${response}</var>
<arg>${base_url}</arg>
<arg>${api_key}</arg>
<arg>${city}</arg>
<kw name="Get Weather">
<var>${response}</var>
<arg>${base_url}</arg>
<arg>${api_key}</arg>
<arg>${city}</arg>
<kw name="Get Weather">
<var>${response}</var>
<arg>${base_url}</arg>
<arg>${api_key}</arg>
<arg>${city}</arg>
<kw name="Get Weather">
<var>${response}</var>
<arg>${base_url}</arg>
<arg>${api_key}</arg>
<arg>${city}</arg>
<kw name="Get Weather">
<var>${response}</var>
<arg>${base_url}</arg>
<arg>${api_key}</arg>
<arg>${city}</arg>
<kw name="Get Weather">
<var>${response}</var>
<arg>${base_url}</arg>
<arg>${api_key}</arg>
<arg>${city}</arg>
<kw name="Get Weather">
<var>${response}</var>
<arg>${base_url}</arg>
<arg>${api_key}</arg>
<arg>${city}</arg>
<kw name="Get Weather">
<var>${response}</var>
<arg>${base_url}</arg>
<arg>${api_key}</arg>
<arg>${city}</arg>
<kw name="Get Weather">
<var>${response}</var>
<arg>${base_url}</arg>
<arg>${api_key}</arg>
<arg>${city}</arg>
<kw name="Get Weather">
<var>${response}</var>
<arg>${base_url}</arg>
<arg>${api_key}</arg>
<arg>${city}</arg>
<kw name="Get Weather">
<var>${response}</var>
<arg>${base_url}</arg>
<arg>${api_key}</arg>
<arg>${city}</arg>
<kw name="Get Weather">
<var>${response}</var>
<arg>${base_url}</arg>
<arg>${api_key}</arg>
<arg>${city}</arg>
<kw name="Get Weather">
<var>${response}</var>
<arg>${base_url}</arg>
<arg>${api_key}</arg>
<arg>${city}</arg>
<kw name="Get Weather">
<var>${response}</var>
<arg>${base_url}</arg>
<arg>${api_key}</arg>
<arg>${city}</arg>
<kw name="Get Weather">
<var>${response}</var>
<arg>${base_url}</arg>
<arg>${api_key}</arg>
<arg>${city}</arg>
<kw name="Get Weather">
<var>${response}</var>
<arg>${base_url}</arg>
<arg>${api_key}</arg>
<arg>${city}</arg>
<kw name="Get Weather">
<var>${response}</var>
<arg>${base_url}</arg>
<arg>${api_key}</arg>
<arg>${city}</arg>
<kw name="Get Weather">
<var>${response}</var>
<arg>${base_url}</arg>
<arg>${api_key}</arg>
<arg>${city}</arg>
<kw name="Get Weather">
<var>${response}</var>
<arg>${base_url}</arg>
<arg>${api_key}</arg>
<arg>${city}</arg>
<kw name="Get Weather">
<var>${response}</var>
<arg>${base_url}</arg>
<arg>${api_key}</arg>
<arg>${city}</arg>
<kw name="Get Weather">
<var>${response}</var>
<arg>${base_url}</arg>
<arg>${api_key}</arg>
<arg>${city}</arg>
<kw name="Get Weather">
<var>${response}</var>
<arg>${base_url}</arg>
<arg>${api_key}</arg>
<arg>${city}</arg>
<kw name="Get Weather">
<var>${response}</var>
<arg>${base_url}</arg>
<arg>${api_key}</arg>
<arg>${city}</arg>
<kw name="Get Weather">
<var>${response}</var>
<arg>${base_url}</arg>
<arg>${api_key}</arg>
<arg>${city}</arg>
<kw name="Get Weather">
<var>${response}</var>
<arg>${base_url}</arg>
<arg>${api_key}</arg>
<arg>${city}</arg>
<kw name="Get Weather">
<var>${response}</var>
<arg>${base_url}</arg>
<arg>${api_key}</arg>
<arg>${city}</arg>
<kw name="Get Weather">
<var>${response}</var>
<arg>${base_url}</arg>
<arg>${api_key}</arg>
<arg>${city}</arg>
<kw name="Get Weather">
<var>${response}</var>
<arg>${base_url}</arg>
<arg>${api_key}</arg>
<arg>${city}</arg>
<kw name="Get Weather">
<var>${response}</var>
<arg>${base_url}</arg>
<arg>${api_key}</arg>
<arg>${city}</arg>
<kw name="Get Weather">
<var>${response}</var>
<arg>${base_url}</arg>
<arg>${api_key}</arg>
<arg>${city}</arg>
<kw name="Get Weather">
<var>${response}</var>
<arg>${base_url}</arg>
<arg>${api_key}</arg>
<arg>${city}</arg>
<kw name="Get Weather">
<var>${response}</var>
<arg>${base_url}</arg>
<arg>${api_key}</arg>
<arg>${city}</arg>
<kw name="Get Weather">
<var>${response}</var>
<arg>${base_url}</arg>
<arg>${api_key}</arg>
<arg>${city}</arg>
<kw name="Get Weather">
<var>${response}</var>
<arg>${base_url}</arg>
<arg>${api_key}</arg>
<arg>${city}</arg>
<kw name="Get Weather">
<var>${response}</var>
<arg>${base_url}</arg>
<arg>${api_key}</arg>
<arg>${city}</arg>
<kw name="Get Weather">
<var>${response}</var>
<arg>${base_url}</arg>
<arg>${api_key}</arg>
<arg>${city}</arg>
<kw name="Get Weather">
<var>${response}</var>
<arg>${base_url}</arg>
<arg>${api_key}</arg>
<arg>${city}</arg>
<kw name="Get Weather">
<var>${response}</var>
<arg>${base_url}</arg>
<arg>${api_key}</arg>
<arg>${city}</arg>
<kw name="Get Weather">
<var>${response}</var>
<arg>${base_url}</arg>
<arg>${api_key}</arg>
<arg>${city}</arg>
<kw name="Get Weather">
<var>${response}</var>
<arg>${base_url}</arg>
<arg>${api_key}</arg>
<arg>${city}</arg>
<kw name="Get Weather">
<var>${response}</var>
<arg>${base_url}</arg>
<arg>${api_key}</arg>
<arg>${city}</arg>
<kw name="Get Weather">
<var>${response}</var>
<arg>${base_url}</arg>
<arg>${api_key}</arg>
<arg>${city}</arg>
<kw name="Get Weather">
<var>${response}</var>
<arg>${base_url}</arg>
<arg>${api_key}</arg>
<arg>${city}</arg>
<kw name="Get Weather">
<var>${response}</var>
<arg>${base_url}</arg>
<arg>${api_key}</arg>
<arg>${city}</arg>
<kw name="Get Weather">
<var>${response}</var>
<arg>${base_url}</arg>
<arg>${api_key}</arg>
<arg>${city}</arg>
<kw name="Get Weather">
<var>${response}</var>
<arg>${base_url}</arg>
<arg>${api_key}</arg>
<arg>${city}</arg>
<kw name="Get Weather">
<var>${response}</var>
<arg>${base_url}</arg>
<arg>${api_key}</arg>
<arg>${city}</arg>
<kw name="Get Weather">
<var>${response}</var>
<arg>${base_url}</arg>
<arg>${api_key}</arg>
<arg>${city}</arg>
<kw name="Get Weather">
<var>${response}</var>
<arg>${base_url}</arg>
<arg>${api_key}</arg>
<arg>${city}</arg>
<kw name="Get Weather">
<var>${response}</var>
<arg>${base_url}</arg>
<arg>${api_key}</arg>
<arg>${city}</arg>
<kw name="Get Weather">
<var>${response}</var>
<arg>${base_url}</arg>
<arg>${api_key}</arg>
<arg>${city}</arg>
<kw name="Get Weather">
<var>${response}</var>
<arg>${base_url}</arg>
<arg>${api_key}</arg>
<arg>${city}</arg>
<kw name="Get Weather">
<var>${response}</var>
<arg>${base_url}</arg>
<arg>${api_key}</arg>
<arg>${city}</arg>
<kw name="Get Weather">
<var>${response}</var>
<arg>${base_url}</arg>
<arg>${api_key}</arg>
<arg>${city}</arg>
<kw name="Get Weather">
<var>${response}</var>
<arg>${base_url}</arg>
<arg>${api_key}</arg>
<arg>${city}</arg>
<kw name="Get Weather">
<var>${response}</var>
<arg>${base_url}</arg>
<arg>${api_key}</arg>
<arg>${city}</arg>
<kw name="Get Weather">
<var>${response}</var>
<arg>${base_url}</arg>
<arg>${api_key}</arg>
<arg>${city}</arg>
<kw name="Get Weather">
<var>${response}</var>
<arg>${base_url}</arg>
<arg>${api_key}</arg>
<arg>${city}</arg>
<kw name="Get Weather">
<var>${response}</var>
<arg>${base_url}</arg>
<arg>${api_key}</arg>
<arg>${city}</arg>
<kw name="Get Weather">
<var>${response}</var>
<arg>${base_url}</arg>
<arg>${api_key}</arg>
<arg>${city}</arg>
<kw name="Get Weather">
<var>${response}</var>
<arg>${base_url}</arg>
<arg>${api_key}</arg>
<arg>${city}</arg>
<kw name="Get Weather">
<var>${response}</var>
<arg>${base_url}</arg>
<arg>${api_key}</arg>
<arg>${city}</arg>
<kw name="Get Weather">
<var>${response}</var>
<arg>${base_url}</arg>
<arg>${api_key}</arg>
<arg>${city}</arg>
<kw name="Get Weather">
<var>${response}</var>
<arg>${base_url}</arg>
<arg>${api_key}</arg>
<arg>${city}</arg>
<kw name="Get Weather">
<var>${response}</var>
<arg>${base_url}</arg>
<arg>${api_key}</arg>
<arg>${city}</arg>
<kw name="Get Weather">
<var>${response}</var>
<arg>${base_url}</arg>
<arg>${api_key}</arg>
<arg>${city}</arg>
<kw name="Get Weather">
<var>${response}</var>
<arg>${base_url}</arg>
<arg>${api_key}</arg>
<arg>${city}</arg>
<kw name="Get Weather">
<var>${response}</var>
<arg>${base_url}</arg>
<arg>${api_key}</arg>
<arg>${city}</arg>
<kw name="Get Weather">
<var>${response}</var>
<arg>${base_url}</arg>
<arg>${api_key}</arg>
<arg>${city}</arg>
<kw name="Get Weather">
<var>${response}</var>
<arg>${base_url}</arg>
<arg>${api_key}</arg>
<arg>${city}</arg>
<kw name="Get Weather">
<var>${response}</var>
<arg>${base_url}</arg>
<arg>${api_key}</arg>
<arg>${city}</arg>
<kw name="Get Weather">
<var>${response}</var>
<arg>${base_url}</arg>
<arg>${api_key}</arg>
<arg>${city}</arg>
<kw name="Get Weather">
<var>${response}</var>
<arg>${base_url}</arg>
<arg>${api_key}</arg>
<arg>${city}</arg>
<kw name="Get Weather">
<var>${response}</var>
<arg>${base_url}</arg>
<arg>${api_key}</arg>
<arg>${city}</arg>
<kw name="Get Weather">
<var>${response}</var>
<arg>${base_url}</arg>
<arg>${api_key}</arg>
<arg>${city}</arg>
<kw name="Get Weather">
<var>${response}</var>
<arg>${base_url}</arg>
<arg>${api_key}</arg>
<arg>${city}</arg>
<kw name="Get Weather">
<var>${response}</var>
<arg>${base_url}</arg>
<arg>${api_key}</arg>
<arg>${city}</arg>
<kw name="Get Weather">
<var>${response}</var>
<arg>${base_url}</arg>
<arg>${api_key}</arg>
<arg>${city}</arg>
<kw name="Get Weather">
<var>${response}</var>
<arg>${base_url}</arg>
<arg>${api_key}</arg>
<arg>${city}</arg>
<kw name="Get Weather">
<var>${response}</var>
<arg>${base_url}</arg>
<arg>${api_key}</arg>
<arg>${city}</arg>
<kw name="Get Weather">
<var>${response}</var>
<arg>${base_url}</arg>
<arg>${api_key}</arg>
<arg>${city}</arg>
<kw name="Get Weather">
<var>${response}</var>
<arg>${base_url}</arg>
<arg>${api_key}</arg>
<arg>${city}</arg>
<kw name="Get Weather">
<var>${response}</var>
<arg>${base_url}</arg>
<arg>${api_key}</arg>
<arg>${city}</arg>
<kw name="Get Weather">
<var>${response}</var>
<arg>${base_url}</arg>
<arg>${api_key}</arg>
<arg>${city}</arg>
<kw name="Get Weather">
<var>${response}</var>
<arg>${base_url}</arg>
<arg>${api_key}</arg>
<arg>${city}</arg>
<kw name="Get Weather">
<var>${response}</var>
<arg>${base_url}</arg>
<arg>${api_key}</arg>
<arg>${city}</arg>
<msg timestamp="20230906 21:43:19.021" level="FAIL">Maximum limit of started keywords and control structures exceeded.</msg>
<status status="FAIL" starttime="20230906 21:43:19.020" endtime="20230906 21:43:19.021"/>
</kw>
<status status="FAIL" starttime="20230906 21:43:19.020" endtime="20230906 21:43:19.021"/>
</kw>
<status status="FAIL" starttime="20230906 21:43:19.020" endtime="20230906 21:43:19.021"/>
</kw>
<status status="FAIL" starttime="20230906 21:43:19.020" endtime="20230906 21:43:19.021"/>
</kw>
<status status="FAIL" starttime="20230906 21:43:19.020" endtime="20230906 21:43:19.021"/>
</kw>
<status status="FAIL" starttime="20230906 21:43:19.020" endtime="20230906 21:43:19.021"/>
</kw>
<status status="FAIL" starttime="20230906 21:43:19.020" endtime="20230906 21:43:19.021"/>
</kw>
<status status="FAIL" starttime="20230906 21:43:19.020" endtime="20230906 21:43:19.021"/>
</kw>
<status status="FAIL" starttime="20230906 21:43:19.019" endtime="20230906 21:43:19.021"/>
</kw>
<status status="FAIL" starttime="20230906 21:43:19.019" endtime="20230906 21:43:19.021"/>
</kw>
<status status="FAIL" starttime="20230906 21:43:19.019" endtime="20230906 21:43:19.021"/>
</kw>
<status status="FAIL" starttime="20230906 21:43:19.019" endtime="20230906 21:43:19.021"/>
</kw>
<status status="FAIL" starttime="20230906 21:43:19.019" endtime="20230906 21:43:19.021"/>
</kw>
<status status="FAIL" starttime="20230906 21:43:19.019" endtime="20230906 21:43:19.021"/>
</kw>
<status status="FAIL" starttime="20230906 21:43:19.019" endtime="20230906 21:43:19.022"/>
</kw>
<status status="FAIL" starttime="20230906 21:43:19.019" endtime="20230906 21:43:19.022"/>
</kw>
<status status="FAIL" starttime="20230906 21:43:19.018" endtime="20230906 21:43:19.022"/>
</kw>
<status status="FAIL" starttime="20230906 21:43:19.018" endtime="20230906 21:43:19.022"/>
</kw>
<status status="FAIL" starttime="20230906 21:43:19.018" endtime="20230906 21:43:19.022"/>
</kw>
<status status="FAIL" starttime="20230906 21:43:19.018" endtime="20230906 21:43:19.022"/>
</kw>
<status status="FAIL" starttime="20230906 21:43:19.018" endtime="20230906 21:43:19.022"/>
</kw>
<status status="FAIL" starttime="20230906 21:43:19.018" endtime="20230906 21:43:19.022"/>
</kw>
<status status="FAIL" starttime="20230906 21:43:19.018" endtime="20230906 21:43:19.022"/>
</kw>
<status status="FAIL" starttime="20230906 21:43:19.018" endtime="20230906 21:43:19.022"/>
</kw>
<status status="FAIL" starttime="20230906 21:43:19.017" endtime="20230906 21:43:19.022"/>
</kw>
<status status="FAIL" starttime="20230906 21:43:19.017" endtime="20230906 21:43:19.022"/>
</kw>
<status status="FAIL" starttime="20230906 21:43:19.017" endtime="20230906 21:43:19.022"/>
</kw>
<status status="FAIL" starttime="20230906 21:43:19.017" endtime="20230906 21:43:19.022"/>
</kw>
<status status="FAIL" starttime="20230906 21:43:19.017" endtime="20230906 21:43:19.022"/>
</kw>
<status status="FAIL" starttime="20230906 21:43:19.017" endtime="20230906 21:43:19.022"/>
</kw>
<status status="FAIL" starttime="20230906 21:43:19.017" endtime="20230906 21:43:19.022"/>
</kw>
<status status="FAIL" starttime="20230906 21:43:19.017" endtime="20230906 21:43:19.023"/>
</kw>
<status status="FAIL" starttime="20230906 21:43:19.017" endtime="20230906 21:43:19.023"/>
</kw>
<status status="FAIL" starttime="20230906 21:43:19.016" endtime="20230906 21:43:19.023"/>
</kw>
<status status="FAIL" starttime="20230906 21:43:19.016" endtime="20230906 21:43:19.023"/>
</kw>
<status status="FAIL" starttime="20230906 21:43:19.016" endtime="20230906 21:43:19.023"/>
</kw>
<status status="FAIL" starttime="20230906 21:43:19.016" endtime="20230906 21:43:19.023"/>
</kw>
<status status="FAIL" starttime="20230906 21:43:19.016" endtime="20230906 21:43:19.023"/>
</kw>
<status status="FAIL" starttime="20230906 21:43:19.016" endtime="20230906 21:43:19.023"/>
</kw>
<status status="FAIL" starttime="20230906 21:43:19.016" endtime="20230906 21:43:19.023"/>
</kw>
<status status="FAIL" starttime="20230906 21:43:19.016" endtime="20230906 21:43:19.023"/>
</kw>
<status status="FAIL" starttime="20230906 21:43:19.015" endtime="20230906 21:43:19.023"/>
</kw>
<status status="FAIL" starttime="20230906 21:43:19.015" endtime="20230906 21:43:19.023"/>
</kw>
<status status="FAIL" starttime="20230906 21:43:19.015" endtime="20230906 21:43:19.023"/>
</kw>
<status status="FAIL" starttime="20230906 21:43:19.015" endtime="20230906 21:43:19.023"/>
</kw>
<status status="FAIL" starttime="20230906 21:43:19.015" endtime="20230906 21:43:19.023"/>
</kw>
<status status="FAIL" starttime="20230906 21:43:19.015" endtime="20230906 21:43:19.023"/>
</kw>
<status status="FAIL" starttime="20230906 21:43:19.015" endtime="20230906 21:43:19.023"/>
</kw>
<status status="FAIL" starttime="20230906 21:43:19.015" endtime="20230906 21:43:19.023"/>
</kw>
<status status="FAIL" starttime="20230906 21:43:19.015" endtime="20230906 21:43:19.023"/>
</kw>
<status status="FAIL" starttime="20230906 21:43:19.014" endtime="20230906 21:43:19.023"/>
</kw>
<status status="FAIL" starttime="20230906 21:43:19.014" endtime="20230906 21:43:19.024"/>
</kw>
<status status="FAIL" starttime="20230906 21:43:19.014" endtime="20230906 21:43:19.024"/>
</kw>
<status status="FAIL" starttime="20230906 21:43:19.014" endtime="20230906 21:43:19.024"/>
</kw>
<status status="FAIL" starttime="20230906 21:43:19.014" endtime="20230906 21:43:19.024"/>
</kw>
<status status="FAIL" starttime="20230906 21:43:19.014" endtime="20230906 21:43:19.024"/>
</kw>
<status status="FAIL" starttime="20230906 21:43:19.014" endtime="20230906 21:43:19.024"/>
</kw>
<status status="FAIL" starttime="20230906 21:43:19.014" endtime="20230906 21:43:19.024"/>
</kw>
<status status="FAIL" starttime="20230906 21:43:19.013" endtime="20230906 21:43:19.024"/>
</kw>
<status status="FAIL" starttime="20230906 21:43:19.013" endtime="20230906 21:43:19.024"/>
</kw>
<status status="FAIL" starttime="20230906 21:43:19.013" endtime="20230906 21:43:19.024"/>
</kw>
<status status="FAIL" starttime="20230906 21:43:19.013" endtime="20230906 21:43:19.024"/>
</kw>
<status status="FAIL" starttime="20230906 21:43:19.013" endtime="20230906 21:43:19.024"/>
</kw>
<status status="FAIL" starttime="20230906 21:43:19.013" endtime="20230906 21:43:19.024"/>
</kw>
<status status="FAIL" starttime="20230906 21:43:19.013" endtime="20230906 21:43:19.024"/>
</kw>
<status status="FAIL" starttime="20230906 21:43:19.013" endtime="20230906 21:43:19.024"/>
</kw>
<status status="FAIL" starttime="20230906 21:43:19.012" endtime="20230906 21:43:19.024"/>
</kw>
<status status="FAIL" starttime="20230906 21:43:19.012" endtime="20230906 21:43:19.024"/>
</kw>
<status status="FAIL" starttime="20230906 21:43:19.012" endtime="20230906 21:43:19.024"/>
</kw>
<status status="FAIL" starttime="20230906 21:43:19.012" endtime="20230906 21:43:19.024"/>
</kw>
<status status="FAIL" starttime="20230906 21:43:19.012" endtime="20230906 21:43:19.024"/>
</kw>
<status status="FAIL" starttime="20230906 21:43:19.012" endtime="20230906 21:43:19.024"/>
</kw>
<status status="FAIL" starttime="20230906 21:43:19.012" endtime="20230906 21:43:19.024"/>
</kw>
<status status="FAIL" starttime="20230906 21:43:19.012" endtime="20230906 21:43:19.024"/>
</kw>
<status status="FAIL" starttime="20230906 21:43:19.011" endtime="20230906 21:43:19.024"/>
</kw>
<status status="FAIL" starttime="20230906 21:43:19.011" endtime="20230906 21:43:19.024"/>
</kw>
<status status="FAIL" starttime="20230906 21:43:19.011" endtime="20230906 21:43:19.025"/>
</kw>
<status status="FAIL" starttime="20230906 21:43:19.011" endtime="20230906 21:43:19.025"/>
</kw>
<status status="FAIL" starttime="20230906 21:43:19.006" endtime="20230906 21:43:19.025"/>
</kw>
<status status="FAIL" starttime="20230906 21:43:19.006" endtime="20230906 21:43:19.025"/>
</kw>
<status status="FAIL" starttime="20230906 21:43:19.006" endtime="20230906 21:43:19.025"/>
</kw>
<status status="FAIL" starttime="20230906 21:43:19.006" endtime="20230906 21:43:19.025"/>
</kw>
<status status="FAIL" starttime="20230906 21:43:19.006" endtime="20230906 21:43:19.025"/>
</kw>
<status status="FAIL" starttime="20230906 21:43:19.005" endtime="20230906 21:43:19.025"/>
</kw>
<status status="FAIL" starttime="20230906 21:43:19.005" endtime="20230906 21:43:19.025"/>
</kw>
<status status="FAIL" starttime="20230906 21:43:19.005" endtime="20230906 21:43:19.025"/>
</kw>
<status status="FAIL" starttime="20230906 21:43:19.005" endtime="20230906 21:43:19.025"/>
</kw>
<status status="FAIL" starttime="20230906 21:43:19.005" endtime="20230906 21:43:19.025"/>
</kw>
<status status="FAIL" starttime="20230906 21:43:19.005" endtime="20230906 21:43:19.025"/>
</kw>
<status status="FAIL" starttime="20230906 21:43:19.005" endtime="20230906 21:43:19.025"/>
</kw>
<status status="FAIL" starttime="20230906 21:43:19.005" endtime="20230906 21:43:19.025"/>
</kw>
<status status="FAIL" starttime="20230906 21:43:19.004" endtime="20230906 21:43:19.025"/>
</kw>
<status status="FAIL" starttime="20230906 21:43:19.004" endtime="20230906 21:43:19.025"/>
</kw>
<status status="FAIL" starttime="20230906 21:43:19.003" endtime="20230906 21:43:19.025"/>
</kw>
<status status="FAIL" starttime="20230906 21:43:19.003" endtime="20230906 21:43:19.025"/>
</kw>
<status status="FAIL" starttime="20230906 21:43:19.003" endtime="20230906 21:43:19.025"/>
</kw>
<status status="FAIL" starttime="20230906 21:43:19.003" endtime="20230906 21:43:19.025"/>
</kw>
<status status="FAIL" starttime="20230906 21:43:19.003" endtime="20230906 21:43:19.025"/>
</kw>
<status status="FAIL" starttime="20230906 21:43:19.003" endtime="20230906 21:43:19.025"/>
</kw>
<kw name="Should Be Equal As Strings" library="BuiltIn">
<arg>${response.status_code}</arg>
<arg>404</arg>
<doc>Fails if objects are unequal after converting them to strings.</doc>
<status status="NOT RUN" starttime="20230906 21:43:19.025" endtime="20230906 21:43:19.025"/>
</kw>
<kw name="Finalize Test" type="TEARDOWN">
<kw name="Log" library="BuiltIn">
<arg>Finalizing Test Suite...</arg>
<doc>Logs the given message with the given level.</doc>
<msg timestamp="20230906 21:43:19.025" level="INFO">Finalizing Test Suite...</msg>
<status status="PASS" starttime="20230906 21:43:19.025" endtime="20230906 21:43:19.026"/>
</kw>
<status status="PASS" starttime="20230906 21:43:19.025" endtime="20230906 21:43:19.026"/>
</kw>
<doc>Send a GET request to retrieve weather for an invalid city.</doc>
<status status="FAIL" starttime="20230906 21:43:19.002" endtime="20230906 21:43:19.026">Maximum limit of started keywords and control structures exceeded.</status>
</test>
<doc>OpenWeatherMap API (v3.0) Automation Test Suite</doc>
<status status="FAIL" starttime="20230906 21:43:18.923" endtime="20230906 21:43:19.026"/>
</suite>
<statistics>
<total>
<stat pass="0" fail="2" skip="0">All Tests</stat>
</total>
<tag>
</tag>
<suite>
<stat pass="0" fail="2" skip="0" id="s1" name="Api Tests">Api Tests</stat>
</suite>
</statistics>
<errors>
<msg timestamp="20230906 21:43:18.982" level="WARN">Imported library '/Users/cb-it-01-1594/IdeaProjects/robot-tests/modules/api_keywords.py' contains no keywords.</msg>
</errors>
</robot>
